ffmpeg started on 2020-01-08 at 00:53:04
Report written to "ffmpeg-20200108-005304.log"
Command line:
/usr/bin/ffmpeg -f concat -safe 0 -report -i list.txt -y -c copy ./readyToUpload/mergedAudio.m4a
ffmpeg version 3.4.6-0ubuntu0.18.04.1 Copyright (c) 2000-2019 the FFmpeg developers
  built with gcc 7 (Ubuntu 7.3.0-16ubuntu3)
  configuration: --prefix=/usr --extra-version=0ubuntu0.18.04.1 --toolchain=hardened --libdir=/usr/lib/x86_64-linux-gnu --incdir=/usr/include/x86_64-linux-gnu --enable-gpl --disable-stripping --enable-avresample --enable-avisynth --enable-gnutls --enable-ladspa --enable-libass --enable-libbluray --enable-libbs2b --enable-libcaca --enable-libcdio --enable-libflite --enable-libfontconfig --enable-libfreetype --enable-libfribidi --enable-libgme --enable-libgsm --enable-libmp3lame --enable-libmysofa --enable-libopenjpeg --enable-libopenmpt --enable-libopus --enable-libpulse --enable-librubberband --enable-librsvg --enable-libshine --enable-libsnappy --enable-libsoxr --enable-libspeex --enable-libssh --enable-libtheora --enable-libtwolame --enable-libvorbis --enable-libvpx --enable-libwavpack --enable-libwebp --enable-libx265 --enable-libxml2 --enable-libxvid --enable-libzmq --enable-libzvbi --enable-omx --enable-openal --enable-opengl --enable-sdl2 --enable-libdc1394 --enable-libdrm --enable-libiec61883 --enable  libavutil      55. 78.100 / 55. 78.100
  libavcodec     57.107.100 / 57.107.100
  libavformat    57. 83.100 / 57. 83.100
  libavdevice    57. 10.100 / 57. 10.100
  libavfilter     6.107.100 /  6.107.100
  libavresample   3.  7.  0 /  3.  7.  0
  libswscale      4.  8.100 /  4.  8.100
  libswresample   2.  9.100 /  2.  9.100
  libpostproc    54.  7.100 / 54.  7.100
Splitting the commandline.
Reading option '-f' ... matched as option 'f' (force format) with argument 'concat'.
Reading option '-safe' ... matched as AVOption 'safe' with argument '0'.
Reading option '-report' ... matched as option 'report' (generate a report) with argument '1'.
Reading option '-i' ... matched as input url with argument 'list.txt'.
Reading option '-y' ... matched as option 'y' (overwrite output files) with argument '1'.
Reading option '-c' ... matched as option 'c' (codec name) with argument 'copy'.
Reading option './readyToUpload/mergedAudio.m4a' ... matched as output url.
Finished splitting the commandline.
Parsing a group of options: global .
Applying option report (generate a report) with argument 1.
Applying option y (overwrite output files) with argument 1.
Successfully parsed a group of options.
Parsing a group of options: input url list.txt.
Applying option f (force format) with argument concat.
Successfully parsed a group of options.
Opening an input file: list.txt.
[concat @ 0x55f498121ec0] Opening 'list.txt' for reading
[file @ 0x55f498122900] Setting default whitelist 'file,crypto'
[NULL @ 0x55f4981302a0] Opening './files/01.m4a' for reading
[mov,mp4,m4a,3gp,3g2,mj2 @ 0x55f4981302a0] Format mov,mp4,m4a,3gp,3g2,mj2 detected only with low score of 1, misdetection possible!
[mov,mp4,m4a,3gp,3g2,mj2 @ 0x55f4981302a0] moov atom not found
[AVIOContext @ 0x55f49812b480] Statistics: 0 bytes read, 0 seeks
[concat @ 0x55f498121ec0] Impossible to open './files/01.m4a'
[AVIOContext @ 0x55f49812ac40] Statistics: 1100 bytes read, 0 seeks
list.txt: Invalid data found when processing input
